<?xml version="1.0" encoding="UTF-8"?>
<testsuite name="com.example.minorpro.ExampleUnitTest" tests="1" skipped="0" failures="0" errors="0" timestamp="2019-11-13T11:16:41" hostname="chaitanya.local" time="0.001">
  <properties/>
  <testcase name="addition_isCorrect" classname="com.example.minorpro.ExampleUnitTest" time="0.001"/>
  <system-out><![CDATA[]]></system-out>
  <system-err><![CDATA[]]></system-err>
</testsuite>
